2017-09-04 10:25:18.035 [main] ERROR o.s.boot.SpringApplication -Application startup failed
org.springframework.context.ApplicationContextException: Unable to start embedded container; nested exception is org.springframework.beans.factory.BeanCreationException: Error creating bean with name 'servletContainer' defined in starter.StarterApplication: Bean instantiation via factory method failed; nested exception is org.springframework.beans.BeanInstantiationException: Failed to instantiate [org.springframework.boot.context.embedded.EmbeddedServletContainerFactory]: Factory method 'servletContainer' threw exception; nested exception is java.lang.IllegalStateException: cant access keystore: [keystore]  
	at org.springframework.boot.context.embedded.EmbeddedWebApplicationContext.onRefresh(EmbeddedWebApplicationContext.java:133) ~[spring-boot-1.2.5.RELEASE.jar:1.2.5.RELEASE]
	at org.springframework.context.support.AbstractApplicationContext.refresh(AbstractApplicationContext.java:474) ~[spring-context-4.1.7.RELEASE.jar:4.1.7.RELEASE]
	at org.springframework.boot.context.embedded.EmbeddedWebApplicationContext.refresh(EmbeddedWebApplicationContext.java:118) ~[spring-boot-1.2.5.RELEASE.jar:1.2.5.RELEASE]
	at org.springframework.boot.SpringApplication.refresh(SpringApplication.java:686) [spring-boot-1.2.5.RELEASE.jar:1.2.5.RELEASE]
	at org.springframework.boot.SpringApplication.run(SpringApplication.java:320) [spring-boot-1.2.5.RELEASE.jar:1.2.5.RELEASE]
	at org.springframework.boot.SpringApplication.run(SpringApplication.java:957) [spring-boot-1.2.5.RELEASE.jar:1.2.5.RELEASE]
	at org.springframework.boot.SpringApplication.run(SpringApplication.java:946) [spring-boot-1.2.5.RELEASE.jar:1.2.5.RELEASE]
	at starter.StarterApplication.main(StarterApplication.java:53) [classes/:na]
	at sun.reflect.NativeMethodAccessorImpl.invoke0(Native Method) ~[na:1.8.0]
	at sun.reflect.NativeMethodAccessorImpl.invoke(NativeMethodAccessorImpl.java:62) ~[na:1.8.0]
	at sun.reflect.DelegatingMethodAccessorImpl.invoke(DelegatingMethodAccessorImpl.java:43) ~[na:1.8.0]
	at java.lang.reflect.Method.invoke(Method.java:483) ~[na:1.8.0]
	at org.springframework.boot.maven.AbstractRunMojo$LaunchRunner.run(AbstractRunMojo.java:527) [spring-boot-maven-plugin-1.5.6.RELEASE.jar:1.5.6.RELEASE]
	at java.lang.Thread.run(Thread.java:744) [na:1.8.0]
Caused by: org.springframework.beans.factory.BeanCreationException: Error creating bean with name 'servletContainer' defined in starter.StarterApplication: Bean instantiation via factory method failed; nested exception is org.springframework.beans.BeanInstantiationException: Failed to instantiate [org.springframework.boot.context.embedded.EmbeddedServletContainerFactory]: Factory method 'servletContainer' threw exception; nested exception is java.lang.IllegalStateException: cant access keystore: [keystore]  
	at org.springframework.beans.factory.support.ConstructorResolver.instantiateUsingFactoryMethod(ConstructorResolver.java:599) ~[spring-beans-4.1.7.RELEASE.jar:4.1.7.RELEASE]
	at org.springframework.beans.factory.support.AbstractAutowireCapableBeanFactory.instantiateUsingFactoryMethod(AbstractAutowireCapableBeanFactory.java:1119) ~[spring-beans-4.1.7.RELEASE.jar:4.1.7.RELEASE]
	at org.springframework.beans.factory.support.AbstractAutowireCapableBeanFactory.createBeanInstance(AbstractAutowireCapableBeanFactory.java:1014) ~[spring-beans-4.1.7.RELEASE.jar:4.1.7.RELEASE]
	at org.springframework.beans.factory.support.AbstractAutowireCapableBeanFactory.doCreateBean(AbstractAutowireCapableBeanFactory.java:504) ~[spring-beans-4.1.7.RELEASE.jar:4.1.7.RELEASE]
	at org.springframework.beans.factory.support.AbstractAutowireCapableBeanFactory.createBean(AbstractAutowireCapableBeanFactory.java:476) ~[spring-beans-4.1.7.RELEASE.jar:4.1.7.RELEASE]
	at org.springframework.beans.factory.support.AbstractBeanFactory$1.getObject(AbstractBeanFactory.java:303) ~[spring-beans-4.1.7.RELEASE.jar:4.1.7.RELEASE]
	at org.springframework.beans.factory.support.DefaultSingletonBeanRegistry.getSingleton(DefaultSingletonBeanRegistry.java:230) ~[spring-beans-4.1.7.RELEASE.jar:4.1.7.RELEASE]
	at org.springframework.beans.factory.support.AbstractBeanFactory.doGetBean(AbstractBeanFactory.java:299) ~[spring-beans-4.1.7.RELEASE.jar:4.1.7.RELEASE]
	at org.springframework.beans.factory.support.AbstractBeanFactory.getBean(AbstractBeanFactory.java:199) ~[spring-beans-4.1.7.RELEASE.jar:4.1.7.RELEASE]
	at org.springframework.boot.context.embedded.EmbeddedWebApplicationContext.getEmbeddedServletContainerFactory(EmbeddedWebApplicationContext.java:193) ~[spring-boot-1.2.5.RELEASE.jar:1.2.5.RELEASE]
	at org.springframework.boot.context.embedded.EmbeddedWebApplicationContext.createEmbeddedServletContainer(EmbeddedWebApplicationContext.java:156) ~[spring-boot-1.2.5.RELEASE.jar:1.2.5.RELEASE]
	at org.springframework.boot.context.embedded.EmbeddedWebApplicationContext.onRefresh(EmbeddedWebApplicationContext.java:130) ~[spring-boot-1.2.5.RELEASE.jar:1.2.5.RELEASE]
	... 13 common frames omitted
Caused by: org.springframework.beans.BeanInstantiationException: Failed to instantiate [org.springframework.boot.context.embedded.EmbeddedServletContainerFactory]: Factory method 'servletContainer' threw exception; nested exception is java.lang.IllegalStateException: cant access keystore: [keystore]  
	at org.springframework.beans.factory.support.SimpleInstantiationStrategy.instantiate(SimpleInstantiationStrategy.java:189) ~[spring-beans-4.1.7.RELEASE.jar:4.1.7.RELEASE]
	at org.springframework.beans.factory.support.ConstructorResolver.instantiateUsingFactoryMethod(ConstructorResolver.java:588) ~[spring-beans-4.1.7.RELEASE.jar:4.1.7.RELEASE]
	... 24 common frames omitted
Caused by: java.lang.IllegalStateException: cant access keystore: [keystore]  
	at starter.StarterApplication.createSslConnector(StarterApplication.java:162) [classes/:na]
	at starter.StarterApplication.servletContainer(StarterApplication.java:104) [classes/:na]
	at starter.StarterApplication$$EnhancerBySpringCGLIB$$18238254.CGLIB$servletContainer$3(<generated>) ~[spring-core-4.1.7.RELEASE.jar:na]
	at starter.StarterApplication$$EnhancerBySpringCGLIB$$18238254$$FastClassBySpringCGLIB$$7e3d5cda.invoke(<generated>) ~[spring-core-4.1.7.RELEASE.jar:na]
	at org.springframework.cglib.proxy.MethodProxy.invokeSuper(MethodProxy.java:228) ~[spring-core-4.1.7.RELEASE.jar:4.1.7.RELEASE]
	at org.springframework.context.annotation.ConfigurationClassEnhancer$BeanMethodInterceptor.intercept(ConfigurationClassEnhancer.java:309) ~[spring-context-4.1.7.RELEASE.jar:4.1.7.RELEASE]
	at starter.StarterApplication$$EnhancerBySpringCGLIB$$18238254.servletContainer(<generated>) ~[spring-core-4.1.7.RELEASE.jar:na]
	at sun.reflect.NativeMethodAccessorImpl.invoke0(Native Method) ~[na:1.8.0]
	at sun.reflect.NativeMethodAccessorImpl.invoke(NativeMethodAccessorImpl.java:62) ~[na:1.8.0]
	at sun.reflect.DelegatingMethodAccessorImpl.invoke(DelegatingMethodAccessorImpl.java:43) ~[na:1.8.0]
	at java.lang.reflect.Method.invoke(Method.java:483) ~[na:1.8.0]
	at org.springframework.beans.factory.support.SimpleInstantiationStrategy.instantiate(SimpleInstantiationStrategy.java:162) ~[spring-beans-4.1.7.RELEASE.jar:4.1.7.RELEASE]
	... 25 common frames omitted
Caused by: java.lang.NullPointerException: null
	at java.io.File.<init>(File.java:277) ~[na:1.8.0]
	at starter.StarterApplication.createSslConnector(StarterApplication.java:144) [classes/:na]
	... 36 common frames omitted
2017-09-04 10:30:44.417 [main] ERROR o.s.boot.SpringApplication -Application startup failed
org.springframework.context.ApplicationContextException: Unable to start embedded container; nested exception is org.springframework.beans.factory.BeanCreationException: Error creating bean with name 'servletContainer' defined in starter.StarterApplication: Bean instantiation via factory method failed; nested exception is org.springframework.beans.BeanInstantiationException: Failed to instantiate [org.springframework.boot.context.embedded.EmbeddedServletContainerFactory]: Factory method 'servletContainer' threw exception; nested exception is java.lang.IllegalStateException: cant access keystore: [keystore]  
	at org.springframework.boot.context.embedded.EmbeddedWebApplicationContext.onRefresh(EmbeddedWebApplicationContext.java:133) ~[spring-boot-1.2.5.RELEASE.jar:1.2.5.RELEASE]
	at org.springframework.context.support.AbstractApplicationContext.refresh(AbstractApplicationContext.java:474) ~[spring-context-4.1.7.RELEASE.jar:4.1.7.RELEASE]
	at org.springframework.boot.context.embedded.EmbeddedWebApplicationContext.refresh(EmbeddedWebApplicationContext.java:118) ~[spring-boot-1.2.5.RELEASE.jar:1.2.5.RELEASE]
	at org.springframework.boot.SpringApplication.refresh(SpringApplication.java:686) [spring-boot-1.2.5.RELEASE.jar:1.2.5.RELEASE]
	at org.springframework.boot.SpringApplication.run(SpringApplication.java:320) [spring-boot-1.2.5.RELEASE.jar:1.2.5.RELEASE]
	at org.springframework.boot.SpringApplication.run(SpringApplication.java:957) [spring-boot-1.2.5.RELEASE.jar:1.2.5.RELEASE]
	at org.springframework.boot.SpringApplication.run(SpringApplication.java:946) [spring-boot-1.2.5.RELEASE.jar:1.2.5.RELEASE]
	at starter.StarterApplication.main(StarterApplication.java:53) [classes/:na]
	at sun.reflect.NativeMethodAccessorImpl.invoke0(Native Method) ~[na:1.8.0]
	at sun.reflect.NativeMethodAccessorImpl.invoke(NativeMethodAccessorImpl.java:62) ~[na:1.8.0]
	at sun.reflect.DelegatingMethodAccessorImpl.invoke(DelegatingMethodAccessorImpl.java:43) ~[na:1.8.0]
	at java.lang.reflect.Method.invoke(Method.java:483) ~[na:1.8.0]
	at org.springframework.boot.maven.AbstractRunMojo$LaunchRunner.run(AbstractRunMojo.java:527) [spring-boot-maven-plugin-1.5.6.RELEASE.jar:1.5.6.RELEASE]
	at java.lang.Thread.run(Thread.java:744) [na:1.8.0]
Caused by: org.springframework.beans.factory.BeanCreationException: Error creating bean with name 'servletContainer' defined in starter.StarterApplication: Bean instantiation via factory method failed; nested exception is org.springframework.beans.BeanInstantiationException: Failed to instantiate [org.springframework.boot.context.embedded.EmbeddedServletContainerFactory]: Factory method 'servletContainer' threw exception; nested exception is java.lang.IllegalStateException: cant access keystore: [keystore]  
	at org.springframework.beans.factory.support.ConstructorResolver.instantiateUsingFactoryMethod(ConstructorResolver.java:599) ~[spring-beans-4.1.7.RELEASE.jar:4.1.7.RELEASE]
	at org.springframework.beans.factory.support.AbstractAutowireCapableBeanFactory.instantiateUsingFactoryMethod(AbstractAutowireCapableBeanFactory.java:1119) ~[spring-beans-4.1.7.RELEASE.jar:4.1.7.RELEASE]
	at org.springframework.beans.factory.support.AbstractAutowireCapableBeanFactory.createBeanInstance(AbstractAutowireCapableBeanFactory.java:1014) ~[spring-beans-4.1.7.RELEASE.jar:4.1.7.RELEASE]
	at org.springframework.beans.factory.support.AbstractAutowireCapableBeanFactory.doCreateBean(AbstractAutowireCapableBeanFactory.java:504) ~[spring-beans-4.1.7.RELEASE.jar:4.1.7.RELEASE]
	at org.springframework.beans.factory.support.AbstractAutowireCapableBeanFactory.createBean(AbstractAutowireCapableBeanFactory.java:476) ~[spring-beans-4.1.7.RELEASE.jar:4.1.7.RELEASE]
	at org.springframework.beans.factory.support.AbstractBeanFactory$1.getObject(AbstractBeanFactory.java:303) ~[spring-beans-4.1.7.RELEASE.jar:4.1.7.RELEASE]
	at org.springframework.beans.factory.support.DefaultSingletonBeanRegistry.getSingleton(DefaultSingletonBeanRegistry.java:230) ~[spring-beans-4.1.7.RELEASE.jar:4.1.7.RELEASE]
	at org.springframework.beans.factory.support.AbstractBeanFactory.doGetBean(AbstractBeanFactory.java:299) ~[spring-beans-4.1.7.RELEASE.jar:4.1.7.RELEASE]
	at org.springframework.beans.factory.support.AbstractBeanFactory.getBean(AbstractBeanFactory.java:199) ~[spring-beans-4.1.7.RELEASE.jar:4.1.7.RELEASE]
	at org.springframework.boot.context.embedded.EmbeddedWebApplicationContext.getEmbeddedServletContainerFactory(EmbeddedWebApplicationContext.java:193) ~[spring-boot-1.2.5.RELEASE.jar:1.2.5.RELEASE]
	at org.springframework.boot.context.embedded.EmbeddedWebApplicationContext.createEmbeddedServletContainer(EmbeddedWebApplicationContext.java:156) ~[spring-boot-1.2.5.RELEASE.jar:1.2.5.RELEASE]
	at org.springframework.boot.context.embedded.EmbeddedWebApplicationContext.onRefresh(EmbeddedWebApplicationContext.java:130) ~[spring-boot-1.2.5.RELEASE.jar:1.2.5.RELEASE]
	... 13 common frames omitted
Caused by: org.springframework.beans.BeanInstantiationException: Failed to instantiate [org.springframework.boot.context.embedded.EmbeddedServletContainerFactory]: Factory method 'servletContainer' threw exception; nested exception is java.lang.IllegalStateException: cant access keystore: [keystore]  
	at org.springframework.beans.factory.support.SimpleInstantiationStrategy.instantiate(SimpleInstantiationStrategy.java:189) ~[spring-beans-4.1.7.RELEASE.jar:4.1.7.RELEASE]
	at org.springframework.beans.factory.support.ConstructorResolver.instantiateUsingFactoryMethod(ConstructorResolver.java:588) ~[spring-beans-4.1.7.RELEASE.jar:4.1.7.RELEASE]
	... 24 common frames omitted
Caused by: java.lang.IllegalStateException: cant access keystore: [keystore]  
	at starter.StarterApplication.createSslConnector(StarterApplication.java:162) [classes/:na]
	at starter.StarterApplication.servletContainer(StarterApplication.java:104) [classes/:na]
	at starter.StarterApplication$$EnhancerBySpringCGLIB$$ac0018ef.CGLIB$servletContainer$2(<generated>) ~[spring-core-4.1.7.RELEASE.jar:na]
	at starter.StarterApplication$$EnhancerBySpringCGLIB$$ac0018ef$$FastClassBySpringCGLIB$$d78ab0c3.invoke(<generated>) ~[spring-core-4.1.7.RELEASE.jar:na]
	at org.springframework.cglib.proxy.MethodProxy.invokeSuper(MethodProxy.java:228) ~[spring-core-4.1.7.RELEASE.jar:4.1.7.RELEASE]
	at org.springframework.context.annotation.ConfigurationClassEnhancer$BeanMethodInterceptor.intercept(ConfigurationClassEnhancer.java:309) ~[spring-context-4.1.7.RELEASE.jar:4.1.7.RELEASE]
	at starter.StarterApplication$$EnhancerBySpringCGLIB$$ac0018ef.servletContainer(<generated>) ~[spring-core-4.1.7.RELEASE.jar:na]
	at sun.reflect.NativeMethodAccessorImpl.invoke0(Native Method) ~[na:1.8.0]
	at sun.reflect.NativeMethodAccessorImpl.invoke(NativeMethodAccessorImpl.java:62) ~[na:1.8.0]
	at sun.reflect.DelegatingMethodAccessorImpl.invoke(DelegatingMethodAccessorImpl.java:43) ~[na:1.8.0]
	at java.lang.reflect.Method.invoke(Method.java:483) ~[na:1.8.0]
	at org.springframework.beans.factory.support.SimpleInstantiationStrategy.instantiate(SimpleInstantiationStrategy.java:162) ~[spring-beans-4.1.7.RELEASE.jar:4.1.7.RELEASE]
	... 25 common frames omitted
Caused by: java.lang.NullPointerException: null
	at java.io.File.<init>(File.java:277) ~[na:1.8.0]
	at starter.StarterApplication.createSslConnector(StarterApplication.java:144) [classes/:na]
	... 36 common frames omitted
