2017-09-04 10:25:16.301 [main] INFO  starter.StarterApplication -Starting StarterApplication on admin-PC with PID 8792 (D:\github_ucontent\UCPCloud\UCPCloud\starter\target\classes started by admin in D:\github_ucontent\UCPCloud\UCPCloud\starter)
2017-09-04 10:25:16.345 [main] INFO  o.s.b.c.e.AnnotationConfigEmbeddedWebApplicationContext -Refreshing org.springframework.boot.context.embedded.AnnotationConfigEmbeddedWebApplicationContext@694159f9: startup date [Mon Sep 04 10:25:16 CST 2017]; root of context hierarchy
2017-09-04 10:25:17.150 [main] INFO  o.s.b.f.s.DefaultListableBeanFactory -Overriding bean definition for bean 'beanNameViewResolver': replacing [Root bean: class [null]; scope=; abstract=false; lazyInit=false; autowireMode=3; dependencyCheck=0; autowireCandidate=true; primary=false; factoryBeanName=org.springframework.boot.autoconfigure.web.ErrorMvcAutoConfiguration$WhitelabelErrorViewConfiguration; factoryMethodName=beanNameViewResolver; initMethodName=null; destroyMethodName=(inferred); defined in class path resource [org/springframework/boot/autoconfigure/web/ErrorMvcAutoConfiguration$WhitelabelErrorViewConfiguration.class]] with [Root bean: class [null]; scope=; abstract=false; lazyInit=false; autowireMode=3; dependencyCheck=0; autowireCandidate=true; primary=false; factoryBeanName=org.springframework.boot.autoconfigure.web.WebMvcAutoConfiguration$WebMvcAutoConfigurationAdapter; factoryMethodName=beanNameViewResolver; initMethodName=null; destroyMethodName=(inferred); defined in class path resource [org/springframework/boot/autoconfigure/web/WebMvcAutoConfiguration$WebMvcAutoConfigurationAdapter.class]]
2017-09-04 10:25:17.457 [main] INFO  o.s.c.s.PostProcessorRegistrationDelegate$BeanPostProcessorChecker -Bean 'org.springframework.scheduling.annotation.SchedulingConfiguration' of type [class org.springframework.scheduling.annotation.SchedulingConfiguration$$EnhancerBySpringCGLIB$$37fd058a] is not eligible for getting processed by all BeanPostProcessors (for example: not eligible for auto-proxying)
2017-09-04 10:25:17.546 [main] INFO  o.s.c.s.PostProcessorRegistrationDelegate$BeanPostProcessorChecker -Bean 'org.springframework.security.config.annotation.configuration.ObjectPostProcessorConfiguration' of type [class org.springframework.security.config.annotation.configuration.ObjectPostProcessorConfiguration$$EnhancerBySpringCGLIB$$f0c8cb69] is not eligible for getting processed by all BeanPostProcessors (for example: not eligible for auto-proxying)
2017-09-04 10:25:17.682 [main] INFO  o.s.c.s.PostProcessorRegistrationDelegate$BeanPostProcessorChecker -Bean 'objectPostProcessor' of type [class org.springframework.security.config.annotation.configuration.AutowireBeanFactoryObjectPostProcessor] is not eligible for getting processed by all BeanPostProcessors (for example: not eligible for auto-proxying)
2017-09-04 10:25:17.686 [main] INFO  o.s.c.s.PostProcessorRegistrationDelegate$BeanPostProcessorChecker -Bean 'org.springframework.security.access.expression.method.DefaultMethodSecurityExpressionHandler@35c6b4d7' of type [class org.springframework.security.access.expression.method.DefaultMethodSecurityExpressionHandler] is not eligible for getting processed by all BeanPostProcessors (for example: not eligible for auto-proxying)
2017-09-04 10:25:17.694 [main] INFO  o.s.c.s.PostProcessorRegistrationDelegate$BeanPostProcessorChecker -Bean 'org.springframework.security.config.annotation.method.configuration.GlobalMethodSecurityConfiguration' of type [class org.springframework.security.config.annotation.method.configuration.GlobalMethodSecurityConfiguration$$EnhancerBySpringCGLIB$$a3a6ffdb] is not eligible for getting processed by all BeanPostProcessors (for example: not eligible for auto-proxying)
2017-09-04 10:25:17.710 [main] INFO  o.s.c.s.PostProcessorRegistrationDelegate$BeanPostProcessorChecker -Bean 'methodSecurityMetadataSource' of type [class org.springframework.security.access.method.DelegatingMethodSecurityMetadataSource] is not eligible for getting processed by all BeanPostProcessors (for example: not eligible for auto-proxying)
2017-09-04 10:25:17.716 [main] INFO  o.s.c.s.PostProcessorRegistrationDelegate$BeanPostProcessorChecker -Bean 'metaDataSourceAdvisor' of type [class org.springframework.security.access.intercept.aopalliance.MethodSecurityMetadataSourceAdvisor] is not eligible for getting processed by all BeanPostProcessors (for example: not eligible for auto-proxying)
2017-09-04 10:25:18.025 [main] WARN  o.s.b.c.e.AnnotationConfigEmbeddedWebApplicationContext -Exception encountered during context initialization - cancelling refresh attempt
org.springframework.context.ApplicationContextException: Unable to start embedded container; nested exception is org.springframework.beans.factory.BeanCreationException: Error creating bean with name 'servletContainer' defined in starter.StarterApplication: Bean instantiation via factory method failed; nested exception is org.springframework.beans.BeanInstantiationException: Failed to instantiate [org.springframework.boot.context.embedded.EmbeddedServletContainerFactory]: Factory method 'servletContainer' threw exception; nested exception is java.lang.IllegalStateException: cant access keystore: [keystore]  
	at org.springframework.boot.context.embedded.EmbeddedWebApplicationContext.onRefresh(EmbeddedWebApplicationContext.java:133) [spring-boot-1.2.5.RELEASE.jar:1.2.5.RELEASE]
	at org.springframework.context.support.AbstractApplicationContext.refresh(AbstractApplicationContext.java:474) ~[spring-context-4.1.7.RELEASE.jar:4.1.7.RELEASE]
	at org.springframework.boot.context.embedded.EmbeddedWebApplicationContext.refresh(EmbeddedWebApplicationContext.java:118) [spring-boot-1.2.5.RELEASE.jar:1.2.5.RELEASE]
	at org.springframework.boot.SpringApplication.refresh(SpringApplication.java:686) [spring-boot-1.2.5.RELEASE.jar:1.2.5.RELEASE]
	at org.springframework.boot.SpringApplication.run(SpringApplication.java:320) [spring-boot-1.2.5.RELEASE.jar:1.2.5.RELEASE]
	at org.springframework.boot.SpringApplication.run(SpringApplication.java:957) [spring-boot-1.2.5.RELEASE.jar:1.2.5.RELEASE]
	at org.springframework.boot.SpringApplication.run(SpringApplication.java:946) [spring-boot-1.2.5.RELEASE.jar:1.2.5.RELEASE]
	at starter.StarterApplication.main(StarterApplication.java:53) [classes/:na]
	at sun.reflect.NativeMethodAccessorImpl.invoke0(Native Method) ~[na:1.8.0]
	at sun.reflect.NativeMethodAccessorImpl.invoke(NativeMethodAccessorImpl.java:62) ~[na:1.8.0]
	at sun.reflect.DelegatingMethodAccessorImpl.invoke(DelegatingMethodAccessorImpl.java:43) ~[na:1.8.0]
	at java.lang.reflect.Method.invoke(Method.java:483) ~[na:1.8.0]
	at org.springframework.boot.maven.AbstractRunMojo$LaunchRunner.run(AbstractRunMojo.java:527) [spring-boot-maven-plugin-1.5.6.RELEASE.jar:1.5.6.RELEASE]
	at java.lang.Thread.run(Thread.java:744) [na:1.8.0]
Caused by: org.springframework.beans.factory.BeanCreationException: Error creating bean with name 'servletContainer' defined in starter.StarterApplication: Bean instantiation via factory method failed; nested exception is org.springframework.beans.BeanInstantiationException: Failed to instantiate [org.springframework.boot.context.embedded.EmbeddedServletContainerFactory]: Factory method 'servletContainer' threw exception; nested exception is java.lang.IllegalStateException: cant access keystore: [keystore]  
	at org.springframework.beans.factory.support.ConstructorResolver.instantiateUsingFactoryMethod(ConstructorResolver.java:599) ~[spring-beans-4.1.7.RELEASE.jar:4.1.7.RELEASE]
	at org.springframework.beans.factory.support.AbstractAutowireCapableBeanFactory.instantiateUsingFactoryMethod(AbstractAutowireCapableBeanFactory.java:1119) ~[spring-beans-4.1.7.RELEASE.jar:4.1.7.RELEASE]
	at org.springframework.beans.factory.support.AbstractAutowireCapableBeanFactory.createBeanInstance(AbstractAutowireCapableBeanFactory.java:1014) ~[spring-beans-4.1.7.RELEASE.jar:4.1.7.RELEASE]
	at org.springframework.beans.factory.support.AbstractAutowireCapableBeanFactory.doCreateBean(AbstractAutowireCapableBeanFactory.java:504) ~[spring-beans-4.1.7.RELEASE.jar:4.1.7.RELEASE]
	at org.springframework.beans.factory.support.AbstractAutowireCapableBeanFactory.createBean(AbstractAutowireCapableBeanFactory.java:476) ~[spring-beans-4.1.7.RELEASE.jar:4.1.7.RELEASE]
	at org.springframework.beans.factory.support.AbstractBeanFactory$1.getObject(AbstractBeanFactory.java:303) ~[spring-beans-4.1.7.RELEASE.jar:4.1.7.RELEASE]
	at org.springframework.beans.factory.support.DefaultSingletonBeanRegistry.getSingleton(DefaultSingletonBeanRegistry.java:230) ~[spring-beans-4.1.7.RELEASE.jar:4.1.7.RELEASE]
	at org.springframework.beans.factory.support.AbstractBeanFactory.doGetBean(AbstractBeanFactory.java:299) ~[spring-beans-4.1.7.RELEASE.jar:4.1.7.RELEASE]
	at org.springframework.beans.factory.support.AbstractBeanFactory.getBean(AbstractBeanFactory.java:199) ~[spring-beans-4.1.7.RELEASE.jar:4.1.7.RELEASE]
	at org.springframework.boot.context.embedded.EmbeddedWebApplicationContext.getEmbeddedServletContainerFactory(EmbeddedWebApplicationContext.java:193) [spring-boot-1.2.5.RELEASE.jar:1.2.5.RELEASE]
	at org.springframework.boot.context.embedded.EmbeddedWebApplicationContext.createEmbeddedServletContainer(EmbeddedWebApplicationContext.java:156) [spring-boot-1.2.5.RELEASE.jar:1.2.5.RELEASE]
	at org.springframework.boot.context.embedded.EmbeddedWebApplicationContext.onRefresh(EmbeddedWebApplicationContext.java:130) [spring-boot-1.2.5.RELEASE.jar:1.2.5.RELEASE]
	... 13 common frames omitted
Caused by: org.springframework.beans.BeanInstantiationException: Failed to instantiate [org.springframework.boot.context.embedded.EmbeddedServletContainerFactory]: Factory method 'servletContainer' threw exception; nested exception is java.lang.IllegalStateException: cant access keystore: [keystore]  
	at org.springframework.beans.factory.support.SimpleInstantiationStrategy.instantiate(SimpleInstantiationStrategy.java:189) ~[spring-beans-4.1.7.RELEASE.jar:4.1.7.RELEASE]
	at org.springframework.beans.factory.support.ConstructorResolver.instantiateUsingFactoryMethod(ConstructorResolver.java:588) ~[spring-beans-4.1.7.RELEASE.jar:4.1.7.RELEASE]
	... 24 common frames omitted
Caused by: java.lang.IllegalStateException: cant access keystore: [keystore]  
	at starter.StarterApplication.createSslConnector(StarterApplication.java:162) [classes/:na]
	at starter.StarterApplication.servletContainer(StarterApplication.java:104) [classes/:na]
	at starter.StarterApplication$$EnhancerBySpringCGLIB$$18238254.CGLIB$servletContainer$3(<generated>) ~[spring-core-4.1.7.RELEASE.jar:na]
	at starter.StarterApplication$$EnhancerBySpringCGLIB$$18238254$$FastClassBySpringCGLIB$$7e3d5cda.invoke(<generated>) ~[spring-core-4.1.7.RELEASE.jar:na]
	at org.springframework.cglib.proxy.MethodProxy.invokeSuper(MethodProxy.java:228) ~[spring-core-4.1.7.RELEASE.jar:4.1.7.RELEASE]
	at org.springframework.context.annotation.ConfigurationClassEnhancer$BeanMethodInterceptor.intercept(ConfigurationClassEnhancer.java:309) ~[spring-context-4.1.7.RELEASE.jar:4.1.7.RELEASE]
	at starter.StarterApplication$$EnhancerBySpringCGLIB$$18238254.servletContainer(<generated>) ~[spring-core-4.1.7.RELEASE.jar:na]
	at sun.reflect.NativeMethodAccessorImpl.invoke0(Native Method) ~[na:1.8.0]
	at sun.reflect.NativeMethodAccessorImpl.invoke(NativeMethodAccessorImpl.java:62) ~[na:1.8.0]
	at sun.reflect.DelegatingMethodAccessorImpl.invoke(DelegatingMethodAccessorImpl.java:43) ~[na:1.8.0]
	at java.lang.reflect.Method.invoke(Method.java:483) ~[na:1.8.0]
	at org.springframework.beans.factory.support.SimpleInstantiationStrategy.instantiate(SimpleInstantiationStrategy.java:162) ~[spring-beans-4.1.7.RELEASE.jar:4.1.7.RELEASE]
	... 25 common frames omitted
Caused by: java.lang.NullPointerException: null
	at java.io.File.<init>(File.java:277) ~[na:1.8.0]
	at starter.StarterApplication.createSslConnector(StarterApplication.java:144) [classes/:na]
	... 36 common frames omitted
2017-09-04 10:25:18.030 [main] INFO  o.s.b.l.ClasspathLoggingApplicationListener -Application failed to start with classpath: [file:/D:/github_ucontent/UCPCloud/UCPCloud/starter/target/classes/, file:/D:/maven/reps/com/itextpdf/itextpdf/5.5.7/itextpdf-5.5.7.jar, file:/D:/maven/reps/org/springframework/boot/spring-boot-starter-security/1.2.5.RELEASE/spring-boot-starter-security-1.2.5.RELEASE.jar, file:/D:/maven/reps/org/springframework/boot/spring-boot-starter/1.2.5.RELEASE/spring-boot-starter-1.2.5.RELEASE.jar, file:/D:/maven/reps/org/springframework/boot/spring-boot/1.2.5.RELEASE/spring-boot-1.2.5.RELEASE.jar, file:/D:/maven/reps/org/springframework/boot/spring-boot-autoconfigure/1.2.5.RELEASE/spring-boot-autoconfigure-1.2.5.RELEASE.jar, file:/D:/maven/reps/org/springframework/boot/spring-boot-starter-logging/1.2.5.RELEASE/spring-boot-starter-logging-1.2.5.RELEASE.jar, file:/D:/maven/reps/org/slf4j/jcl-over-slf4j/1.7.12/jcl-over-slf4j-1.7.12.jar, file:/D:/maven/reps/org/slf4j/jul-to-slf4j/1.7.12/jul-to-slf4j-1.7.12.jar, file:/D:/maven/reps/org/slf4j/log4j-over-slf4j/1.7.12/log4j-over-slf4j-1.7.12.jar, file:/D:/maven/reps/ch/qos/logback/logback-classic/1.1.3/logback-classic-1.1.3.jar, file:/D:/maven/reps/ch/qos/logback/logback-core/1.1.3/logback-core-1.1.3.jar, file:/D:/maven/reps/org/yaml/snakeyaml/1.14/snakeyaml-1.14.jar, file:/D:/maven/reps/org/springframework/spring-beans/4.1.7.RELEASE/spring-beans-4.1.7.RELEASE.jar, file:/D:/maven/reps/org/springframework/spring-context/4.1.7.RELEASE/spring-context-4.1.7.RELEASE.jar, file:/D:/maven/reps/org/springframework/spring-core/4.1.7.RELEASE/spring-core-4.1.7.RELEASE.jar, file:/D:/maven/reps/org/springframework/spring-expression/4.1.7.RELEASE/spring-expression-4.1.7.RELEASE.jar, file:/D:/maven/reps/org/springframework/spring-web/4.1.7.RELEASE/spring-web-4.1.7.RELEASE.jar, file:/D:/maven/reps/org/springframework/security/spring-security-config/3.2.7.RELEASE/spring-security-config-3.2.7.RELEASE.jar, file:/D:/maven/reps/aopalliance/aopalliance/1.0/aopalliance-1.0.jar, file:/D:/maven/reps/org/springframework/security/spring-security-core/3.2.7.RELEASE/spring-security-core-3.2.7.RELEASE.jar, file:/D:/maven/reps/org/springframework/security/spring-security-web/3.2.7.RELEASE/spring-security-web-3.2.7.RELEASE.jar, file:/D:/maven/reps/org/springframework/spring-aop/4.1.7.RELEASE/spring-aop-4.1.7.RELEASE.jar, file:/D:/maven/reps/org/springframework/boot/spring-boot-starter-web/1.2.5.RELEASE/spring-boot-starter-web-1.2.5.RELEASE.jar, file:/D:/maven/reps/org/springframework/boot/spring-boot-starter-tomcat/1.2.5.RELEASE/spring-boot-starter-tomcat-1.2.5.RELEASE.jar, file:/D:/maven/reps/org/apache/tomcat/embed/tomcat-embed-core/8.0.23/tomcat-embed-core-8.0.23.jar, file:/D:/maven/reps/org/apache/tomcat/embed/tomcat-embed-el/8.0.23/tomcat-embed-el-8.0.23.jar, file:/D:/maven/reps/org/apache/tomcat/embed/tomcat-embed-logging-juli/8.0.23/tomcat-embed-logging-juli-8.0.23.jar, file:/D:/maven/reps/org/apache/tomcat/embed/tomcat-embed-websocket/8.0.23/tomcat-embed-websocket-8.0.23.jar, file:/D:/maven/reps/com/fasterxml/jackson/core/jackson-databind/2.4.2/jackson-databind-2.4.2.jar, file:/D:/maven/reps/com/fasterxml/jackson/core/jackson-annotations/2.4.0/jackson-annotations-2.4.0.jar, file:/D:/maven/reps/org/hibernate/hibernate-validator/5.1.3.Final/hibernate-validator-5.1.3.Final.jar, file:/D:/maven/reps/javax/validation/validation-api/1.1.0.Final/validation-api-1.1.0.Final.jar, file:/D:/maven/reps/org/jboss/logging/jboss-logging/3.1.3.GA/jboss-logging-3.1.3.GA.jar, file:/D:/maven/reps/com/fasterxml/classmate/1.0.0/classmate-1.0.0.jar, file:/D:/maven/reps/org/springframework/spring-webmvc/4.1.7.RELEASE/spring-webmvc-4.1.7.RELEASE.jar, file:/D:/maven/reps/commons-io/commons-io/2.4/commons-io-2.4.jar, file:/D:/maven/reps/org/elasticsearch/elasticsearch/2.0.0/elasticsearch-2.0.0.jar, file:/D:/maven/reps/org/apache/lucene/lucene-core/5.2.1/lucene-core-5.2.1.jar, file:/D:/maven/reps/org/apache/lucene/lucene-backward-codecs/5.2.1/lucene-backward-codecs-5.2.1.jar, file:/D:/maven/reps/org/apache/lucene/lucene-analyzers-common/5.2.1/lucene-analyzers-common-5.2.1.jar, file:/D:/maven/reps/org/apache/lucene/lucene-queries/5.2.1/lucene-queries-5.2.1.jar, file:/D:/maven/reps/org/apache/lucene/lucene-memory/5.2.1/lucene-memory-5.2.1.jar, file:/D:/maven/reps/org/apache/lucene/lucene-highlighter/5.2.1/lucene-highlighter-5.2.1.jar, file:/D:/maven/reps/org/apache/lucene/lucene-queryparser/5.2.1/lucene-queryparser-5.2.1.jar, file:/D:/maven/reps/org/apache/lucene/lucene-sandbox/5.2.1/lucene-sandbox-5.2.1.jar, file:/D:/maven/reps/org/apache/lucene/lucene-suggest/5.2.1/lucene-suggest-5.2.1.jar, file:/D:/maven/reps/org/apache/lucene/lucene-misc/5.2.1/lucene-misc-5.2.1.jar, file:/D:/maven/reps/org/apache/lucene/lucene-join/5.2.1/lucene-join-5.2.1.jar, file:/D:/maven/reps/org/apache/lucene/lucene-grouping/5.2.1/lucene-grouping-5.2.1.jar, file:/D:/maven/reps/org/apache/lucene/lucene-spatial/5.2.1/lucene-spatial-5.2.1.jar, file:/D:/maven/reps/com/spatial4j/spatial4j/0.4.1/spatial4j-0.4.1.jar, file:/D:/maven/reps/com/google/guava/guava/18.0/guava-18.0.jar, file:/D:/maven/reps/com/carrotsearch/hppc/0.7.1/hppc-0.7.1.jar, file:/D:/maven/reps/joda-time/joda-time/2.8.2/joda-time-2.8.2.jar, file:/D:/maven/reps/org/joda/joda-convert/1.2/joda-convert-1.2.jar, file:/D:/maven/reps/com/fasterxml/jackson/core/jackson-core/2.5.3/jackson-core-2.5.3.jar, file:/D:/maven/reps/com/fasterxml/jackson/dataformat/jackson-dataformat-smile/2.5.3/jackson-dataformat-smile-2.5.3.jar, file:/D:/maven/reps/com/fasterxml/jackson/dataformat/jackson-dataformat-yaml/2.5.3/jackson-dataformat-yaml-2.5.3.jar, file:/D:/maven/reps/com/fasterxml/jackson/dataformat/jackson-dataformat-cbor/2.5.3/jackson-dataformat-cbor-2.5.3.jar, file:/D:/maven/reps/io/netty/netty/3.10.5.Final/netty-3.10.5.Final.jar, file:/D:/maven/reps/com/ning/compress-lzf/1.0.2/compress-lzf-1.0.2.jar, file:/D:/maven/reps/com/tdunning/t-digest/3.0/t-digest-3.0.jar, file:/D:/maven/reps/org/hdrhistogram/HdrHistogram/2.1.6/HdrHistogram-2.1.6.jar, file:/D:/maven/reps/commons-cli/commons-cli/1.3.1/commons-cli-1.3.1.jar, file:/D:/maven/reps/com/twitter/jsr166e/1.1.0/jsr166e-1.1.0.jar, file:/D:/maven/reps/com/github/jai-imageio/jai-imageio-core/1.3.0/jai-imageio-core-1.3.0.jar, file:/D:/maven/reps/org/aspectj/aspectjrt/1.8.4/aspectjrt-1.8.4.jar, file:/D:/maven/reps/org/aspectj/aspectjweaver/1.8.4/aspectjweaver-1.8.4.jar, file:/D:/maven/reps/org/apache/tika/tika-parsers/1.10/tika-parsers-1.10.jar, file:/D:/maven/reps/org/apache/tika/tika-core/1.10/tika-core-1.10.jar, file:/D:/maven/reps/org/gagravarr/vorbis-java-tika/0.6/vorbis-java-tika-0.6.jar, file:/D:/maven/reps/com/healthmarketscience/jackcess/jackcess/2.1.2/jackcess-2.1.2.jar, file:/D:/maven/reps/commons-lang/commons-lang/2.6/commons-lang-2.6.jar, file:/D:/maven/reps/commons-logging/commons-logging/1.1.3/commons-logging-1.1.3.jar, file:/D:/maven/reps/com/healthmarketscience/jackcess/jackcess-encrypt/2.1.0/jackcess-encrypt-2.1.0.jar, file:/D:/maven/reps/net/sourceforge/jmatio/jmatio/1.0/jmatio-1.0.jar, file:/D:/maven/reps/org/apache/james/apache-mime4j-core/0.7.2/apache-mime4j-core-0.7.2.jar, file:/D:/maven/reps/org/apache/james/apache-mime4j-dom/0.7.2/apache-mime4j-dom-0.7.2.jar, file:/D:/maven/reps/org/apache/commons/commons-compress/1.9/commons-compress-1.9.jar, file:/D:/maven/reps/org/tukaani/xz/1.5/xz-1.5.jar, file:/D:/maven/reps/commons-codec/commons-codec/1.10/commons-codec-1.10.jar, file:/D:/maven/reps/org/apache/pdfbox/pdfbox/1.8.10/pdfbox-1.8.10.jar, file:/D:/maven/reps/org/apache/pdfbox/fontbox/1.8.10/fontbox-1.8.10.jar, file:/D:/maven/reps/org/apache/pdfbox/jempbox/1.8.10/jempbox-1.8.10.jar, file:/D:/maven/reps/org/bouncycastle/bcmail-jdk15on/1.52/bcmail-jdk15on-1.52.jar, file:/D:/maven/reps/org/bouncycastle/bcpkix-jdk15on/1.52/bcpkix-jdk15on-1.52.jar, file:/D:/maven/reps/org/bouncycastle/bcprov-jdk15on/1.52/bcprov-jdk15on-1.52.jar, file:/D:/maven/reps/org/apache/poi/poi/3.13-beta1/poi-3.13-beta1.jar, file:/D:/maven/reps/org/apache/poi/poi-scratchpad/3.13-beta1/poi-scratchpad-3.13-beta1.jar, file:/D:/maven/reps/org/apache/poi/poi-ooxml/3.13-beta1/poi-ooxml-3.13-beta1.jar, file:/D:/maven/reps/org/apache/poi/poi-ooxml-schemas/3.13-beta1/poi-ooxml-schemas-3.13-beta1.jar, file:/D:/maven/reps/org/apache/xmlbeans/xmlbeans/2.6.0/xmlbeans-2.6.0.jar, file:/D:/maven/reps/org/ccil/cowan/tagsoup/tagsoup/1.2.1/tagsoup-1.2.1.jar, file:/D:/maven/reps/org/ow2/asm/asm-debug-all/4.1/asm-debug-all-4.1.jar, file:/D:/maven/reps/com/googlecode/mp4parser/isoparser/1.0.2/isoparser-1.0.2.jar, file:/D:/maven/reps/com/drewnoakes/metadata-extractor/2.8.0/metadata-extractor-2.8.0.jar, file:/D:/maven/reps/com/adobe/xmp/xmpcore/5.1.2/xmpcore-5.1.2.jar, file:/D:/maven/reps/de/l3s/boilerpipe/boilerpipe/1.1.0/boilerpipe-1.1.0.jar, file:/D:/maven/reps/rome/rome/1.0/rome-1.0.jar, file:/D:/maven/reps/org/gagravarr/vorbis-java-core/0.6/vorbis-java-core-0.6.jar, file:/D:/maven/reps/com/googlecode/juniversalchardet/juniversalchardet/1.0.3/juniversalchardet-1.0.3.jar, file:/D:/maven/reps/org/codelibs/jhighlight/1.0.2/jhighlight-1.0.2.jar, file:/D:/maven/reps/com/pff/java-libpst/0.8.1/java-libpst-0.8.1.jar, file:/D:/maven/reps/com/github/junrar/junrar/0.7/junrar-0.7.jar, file:/D:/maven/reps/commons-logging/commons-logging-api/1.1/commons-logging-api-1.1.jar, file:/D:/maven/reps/org/apache/commons/commons-vfs2/2.0/commons-vfs2-2.0.jar, file:/D:/maven/reps/org/apache/maven/scm/maven-scm-api/1.4/maven-scm-api-1.4.jar, file:/D:/maven/reps/org/codehaus/plexus/plexus-utils/1.5.6/plexus-utils-1.5.6.jar, file:/D:/maven/reps/org/apache/maven/scm/maven-scm-provider-svnexe/1.4/maven-scm-provider-svnexe-1.4.jar, file:/D:/maven/reps/org/apache/maven/scm/maven-scm-provider-svn-commons/1.4/maven-scm-provider-svn-commons-1.4.jar, file:/D:/maven/reps/regexp/regexp/1.3/regexp-1.3.jar, file:/D:/maven/reps/org/apache/opennlp/opennlp-tools/1.5.3/opennlp-tools-1.5.3.jar, file:/D:/maven/reps/org/apache/opennlp/opennlp-maxent/3.0.3/opennlp-maxent-3.0.3.jar, file:/D:/maven/reps/net/sf/jwordnet/jwnl/1.3.3/jwnl-1.3.3.jar, file:/D:/maven/reps/org/apache/commons/commons-exec/1.3/commons-exec-1.3.jar, file:/D:/maven/reps/com/googlecode/json-simple/json-simple/1.1.1/json-simple-1.1.1.jar, file:/D:/maven/reps/edu/ucar/netcdf4/4.5.5/netcdf4-4.5.5.jar, file:/D:/maven/reps/net/jcip/jcip-annotations/1.0/jcip-annotations-1.0.jar, file:/D:/maven/reps/net/java/dev/jna/jna/4.1.0/jna-4.1.0.jar, file:/D:/maven/reps/org/slf4j/slf4j-api/1.7.7/slf4j-api-1.7.7.jar, file:/D:/maven/reps/edu/ucar/grib/4.5.5/grib-4.5.5.jar, file:/D:/maven/reps/com/google/protobuf/protobuf-java/2.5.0/protobuf-java-2.5.0.jar, file:/D:/maven/reps/org/jdom/jdom2/2.0.4/jdom2-2.0.4.jar, file:/D:/maven/reps/org/jsoup/jsoup/1.7.2/jsoup-1.7.2.jar, file:/D:/maven/reps/edu/ucar/jj2000/5.2/jj2000-5.2.jar, file:/D:/maven/reps/org/itadaki/bzip2/0.9.1/bzip2-0.9.1.jar, file:/D:/maven/reps/edu/ucar/cdm/4.5.5/cdm-4.5.5.jar, file:/D:/maven/reps/edu/ucar/udunits/4.5.5/udunits-4.5.5.jar, file:/D:/maven/reps/org/apache/httpcomponents/httpcore/4.2.5/httpcore-4.2.5.jar, file:/D:/maven/reps/org/quartz-scheduler/quartz/2.2.0/quartz-2.2.0.jar, file:/D:/maven/reps/c3p0/c3p0/0.9.1.1/c3p0-0.9.1.1.jar, file:/D:/maven/reps/net/sf/ehcache/ehcache-core/2.6.2/ehcache-core-2.6.2.jar, file:/D:/maven/reps/com/beust/jcommander/1.35/jcommander-1.35.jar, file:/D:/maven/reps/edu/ucar/httpservices/4.5.5/httpservices-4.5.5.jar, file:/D:/maven/reps/org/apache/httpcomponents/httpclient/4.2.6/httpclient-4.2.6.jar, file:/D:/maven/reps/org/apache/httpcomponents/httpmime/4.2.6/httpmime-4.2.6.jar, file:/D:/maven/reps/org/apache/commons/commons-csv/1.0/commons-csv-1.0.jar, file:/D:/maven/reps/org/apache/sis/core/sis-utility/0.5/sis-utility-0.5.jar, file:/D:/maven/reps/org/apache/sis/storage/sis-netcdf/0.5/sis-netcdf-0.5.jar, file:/D:/maven/reps/org/apache/sis/storage/sis-storage/0.5/sis-storage-0.5.jar, file:/D:/maven/reps/org/apache/sis/core/sis-referencing/0.5/sis-referencing-0.5.jar, file:/D:/maven/reps/org/apache/sis/core/sis-metadata/0.5/sis-metadata-0.5.jar, file:/D:/maven/reps/org/opengis/geoapi/3.0.0/geoapi-3.0.0.jar, file:/D:/maven/reps/javax/measure/jsr-275/0.9.3/jsr-275-0.9.3.jar, file:/D:/maven/reps/commons-fileupload/commons-fileupload/1.3.1/commons-fileupload-1.3.1.jar, file:/D:/maven/reps/jdom/jdom/1.0/jdom-1.0.jar, file:/D:/maven/reps/org/json/json/20140107/json-20140107.jar, file:/D:/maven/reps/oro/oro/2.0.8/oro-2.0.8.jar, file:/D:/maven/reps/commons-net/commons-net/3.1/commons-net-3.1.jar, file:/D:/maven/reps/org/springframework/cloud/spring-cloud-dependencies/Camden.SR4/spring-cloud-dependencies-Camden.SR4.pom]
2017-09-04 10:25:18.035 [main] ERROR o.s.boot.SpringApplication -Application startup failed
org.springframework.context.ApplicationContextException: Unable to start embedded container; nested exception is org.springframework.beans.factory.BeanCreationException: Error creating bean with name 'servletContainer' defined in starter.StarterApplication: Bean instantiation via factory method failed; nested exception is org.springframework.beans.BeanInstantiationException: Failed to instantiate [org.springframework.boot.context.embedded.EmbeddedServletContainerFactory]: Factory method 'servletContainer' threw exception; nested exception is java.lang.IllegalStateException: cant access keystore: [keystore]  
	at org.springframework.boot.context.embedded.EmbeddedWebApplicationContext.onRefresh(EmbeddedWebApplicationContext.java:133) ~[spring-boot-1.2.5.RELEASE.jar:1.2.5.RELEASE]
	at org.springframework.context.support.AbstractApplicationContext.refresh(AbstractApplicationContext.java:474) ~[spring-context-4.1.7.RELEASE.jar:4.1.7.RELEASE]
	at org.springframework.boot.context.embedded.EmbeddedWebApplicationContext.refresh(EmbeddedWebApplicationContext.java:118) ~[spring-boot-1.2.5.RELEASE.jar:1.2.5.RELEASE]
	at org.springframework.boot.SpringApplication.refresh(SpringApplication.java:686) [spring-boot-1.2.5.RELEASE.jar:1.2.5.RELEASE]
	at org.springframework.boot.SpringApplication.run(SpringApplication.java:320) [spring-boot-1.2.5.RELEASE.jar:1.2.5.RELEASE]
	at org.springframework.boot.SpringApplication.run(SpringApplication.java:957) [spring-boot-1.2.5.RELEASE.jar:1.2.5.RELEASE]
	at org.springframework.boot.SpringApplication.run(SpringApplication.java:946) [spring-boot-1.2.5.RELEASE.jar:1.2.5.RELEASE]
	at starter.StarterApplication.main(StarterApplication.java:53) [classes/:na]
	at sun.reflect.NativeMethodAccessorImpl.invoke0(Native Method) ~[na:1.8.0]
	at sun.reflect.NativeMethodAccessorImpl.invoke(NativeMethodAccessorImpl.java:62) ~[na:1.8.0]
	at sun.reflect.DelegatingMethodAccessorImpl.invoke(DelegatingMethodAccessorImpl.java:43) ~[na:1.8.0]
	at java.lang.reflect.Method.invoke(Method.java:483) ~[na:1.8.0]
	at org.springframework.boot.maven.AbstractRunMojo$LaunchRunner.run(AbstractRunMojo.java:527) [spring-boot-maven-plugin-1.5.6.RELEASE.jar:1.5.6.RELEASE]
	at java.lang.Thread.run(Thread.java:744) [na:1.8.0]
Caused by: org.springframework.beans.factory.BeanCreationException: Error creating bean with name 'servletContainer' defined in starter.StarterApplication: Bean instantiation via factory method failed; nested exception is org.springframework.beans.BeanInstantiationException: Failed to instantiate [org.springframework.boot.context.embedded.EmbeddedServletContainerFactory]: Factory method 'servletContainer' threw exception; nested exception is java.lang.IllegalStateException: cant access keystore: [keystore]  
	at org.springframework.beans.factory.support.ConstructorResolver.instantiateUsingFactoryMethod(ConstructorResolver.java:599) ~[spring-beans-4.1.7.RELEASE.jar:4.1.7.RELEASE]
	at org.springframework.beans.factory.support.AbstractAutowireCapableBeanFactory.instantiateUsingFactoryMethod(AbstractAutowireCapableBeanFactory.java:1119) ~[spring-beans-4.1.7.RELEASE.jar:4.1.7.RELEASE]
	at org.springframework.beans.factory.support.AbstractAutowireCapableBeanFactory.createBeanInstance(AbstractAutowireCapableBeanFactory.java:1014) ~[spring-beans-4.1.7.RELEASE.jar:4.1.7.RELEASE]
	at org.springframework.beans.factory.support.AbstractAutowireCapableBeanFactory.doCreateBean(AbstractAutowireCapableBeanFactory.java:504) ~[spring-beans-4.1.7.RELEASE.jar:4.1.7.RELEASE]
	at org.springframework.beans.factory.support.AbstractAutowireCapableBeanFactory.createBean(AbstractAutowireCapableBeanFactory.java:476) ~[spring-beans-4.1.7.RELEASE.jar:4.1.7.RELEASE]
	at org.springframework.beans.factory.support.AbstractBeanFactory$1.getObject(AbstractBeanFactory.java:303) ~[spring-beans-4.1.7.RELEASE.jar:4.1.7.RELEASE]
	at org.springframework.beans.factory.support.DefaultSingletonBeanRegistry.getSingleton(DefaultSingletonBeanRegistry.java:230) ~[spring-beans-4.1.7.RELEASE.jar:4.1.7.RELEASE]
	at org.springframework.beans.factory.support.AbstractBeanFactory.doGetBean(AbstractBeanFactory.java:299) ~[spring-beans-4.1.7.RELEASE.jar:4.1.7.RELEASE]
	at org.springframework.beans.factory.support.AbstractBeanFactory.getBean(AbstractBeanFactory.java:199) ~[spring-beans-4.1.7.RELEASE.jar:4.1.7.RELEASE]
	at org.springframework.boot.context.embedded.EmbeddedWebApplicationContext.getEmbeddedServletContainerFactory(EmbeddedWebApplicationContext.java:193) ~[spring-boot-1.2.5.RELEASE.jar:1.2.5.RELEASE]
	at org.springframework.boot.context.embedded.EmbeddedWebApplicationContext.createEmbeddedServletContainer(EmbeddedWebApplicationContext.java:156) ~[spring-boot-1.2.5.RELEASE.jar:1.2.5.RELEASE]
	at org.springframework.boot.context.embedded.EmbeddedWebApplicationContext.onRefresh(EmbeddedWebApplicationContext.java:130) ~[spring-boot-1.2.5.RELEASE.jar:1.2.5.RELEASE]
	... 13 common frames omitted
Caused by: org.springframework.beans.BeanInstantiationException: Failed to instantiate [org.springframework.boot.context.embedded.EmbeddedServletContainerFactory]: Factory method 'servletContainer' threw exception; nested exception is java.lang.IllegalStateException: cant access keystore: [keystore]  
	at org.springframework.beans.factory.support.SimpleInstantiationStrategy.instantiate(SimpleInstantiationStrategy.java:189) ~[spring-beans-4.1.7.RELEASE.jar:4.1.7.RELEASE]
	at org.springframework.beans.factory.support.ConstructorResolver.instantiateUsingFactoryMethod(ConstructorResolver.java:588) ~[spring-beans-4.1.7.RELEASE.jar:4.1.7.RELEASE]
	... 24 common frames omitted
Caused by: java.lang.IllegalStateException: cant access keystore: [keystore]  
	at starter.StarterApplication.createSslConnector(StarterApplication.java:162) [classes/:na]
	at starter.StarterApplication.servletContainer(StarterApplication.java:104) [classes/:na]
	at starter.StarterApplication$$EnhancerBySpringCGLIB$$18238254.CGLIB$servletContainer$3(<generated>) ~[spring-core-4.1.7.RELEASE.jar:na]
	at starter.StarterApplication$$EnhancerBySpringCGLIB$$18238254$$FastClassBySpringCGLIB$$7e3d5cda.invoke(<generated>) ~[spring-core-4.1.7.RELEASE.jar:na]
	at org.springframework.cglib.proxy.MethodProxy.invokeSuper(MethodProxy.java:228) ~[spring-core-4.1.7.RELEASE.jar:4.1.7.RELEASE]
	at org.springframework.context.annotation.ConfigurationClassEnhancer$BeanMethodInterceptor.intercept(ConfigurationClassEnhancer.java:309) ~[spring-context-4.1.7.RELEASE.jar:4.1.7.RELEASE]
	at starter.StarterApplication$$EnhancerBySpringCGLIB$$18238254.servletContainer(<generated>) ~[spring-core-4.1.7.RELEASE.jar:na]
	at sun.reflect.NativeMethodAccessorImpl.invoke0(Native Method) ~[na:1.8.0]
	at sun.reflect.NativeMethodAccessorImpl.invoke(NativeMethodAccessorImpl.java:62) ~[na:1.8.0]
	at sun.reflect.DelegatingMethodAccessorImpl.invoke(DelegatingMethodAccessorImpl.java:43) ~[na:1.8.0]
	at java.lang.reflect.Method.invoke(Method.java:483) ~[na:1.8.0]
	at org.springframework.beans.factory.support.SimpleInstantiationStrategy.instantiate(SimpleInstantiationStrategy.java:162) ~[spring-beans-4.1.7.RELEASE.jar:4.1.7.RELEASE]
	... 25 common frames omitted
Caused by: java.lang.NullPointerException: null
	at java.io.File.<init>(File.java:277) ~[na:1.8.0]
	at starter.StarterApplication.createSslConnector(StarterApplication.java:144) [classes/:na]
	... 36 common frames omitted
2017-09-04 10:30:42.121 [main] INFO  starter.StarterApplication -Starting StarterApplication on admin-PC with PID 7220 (D:\github_ucontent\UCPCloud\UCPCloud\starter\target\classes started by admin in D:\github_ucontent\UCPCloud\UCPCloud\starter)
2017-09-04 10:30:42.147 [main] INFO  o.s.b.c.e.AnnotationConfigEmbeddedWebApplicationContext -Refreshing org.springframework.boot.context.embedded.AnnotationConfigEmbeddedWebApplicationContext@49f1ebc3: startup date [Mon Sep 04 10:30:42 CST 2017]; root of context hierarchy
2017-09-04 10:30:42.866 [main] INFO  o.s.b.f.s.DefaultListableBeanFactory -Overriding bean definition for bean 'beanNameViewResolver': replacing [Root bean: class [null]; scope=; abstract=false; lazyInit=false; autowireMode=3; dependencyCheck=0; autowireCandidate=true; primary=false; factoryBeanName=org.springframework.boot.autoconfigure.web.ErrorMvcAutoConfiguration$WhitelabelErrorViewConfiguration; factoryMethodName=beanNameViewResolver; initMethodName=null; destroyMethodName=(inferred); defined in class path resource [org/springframework/boot/autoconfigure/web/ErrorMvcAutoConfiguration$WhitelabelErrorViewConfiguration.class]] with [Root bean: class [null]; scope=; abstract=false; lazyInit=false; autowireMode=3; dependencyCheck=0; autowireCandidate=true; primary=false; factoryBeanName=org.springframework.boot.autoconfigure.web.WebMvcAutoConfiguration$WebMvcAutoConfigurationAdapter; factoryMethodName=beanNameViewResolver; initMethodName=null; destroyMethodName=(inferred); defined in class path resource [org/springframework/boot/autoconfigure/web/WebMvcAutoConfiguration$WebMvcAutoConfigurationAdapter.class]]
2017-09-04 10:30:43.168 [main] INFO  o.s.c.s.PostProcessorRegistrationDelegate$BeanPostProcessorChecker -Bean 'org.springframework.scheduling.annotation.SchedulingConfiguration' of type [class org.springframework.scheduling.annotation.SchedulingConfiguration$$EnhancerBySpringCGLIB$$cbd99c25] is not eligible for getting processed by all BeanPostProcessors (for example: not eligible for auto-proxying)
2017-09-04 10:30:43.264 [main] INFO  o.s.c.s.PostProcessorRegistrationDelegate$BeanPostProcessorChecker -Bean 'org.springframework.security.config.annotation.configuration.ObjectPostProcessorConfiguration' of type [class org.springframework.security.config.annotation.configuration.ObjectPostProcessorConfiguration$$EnhancerBySpringCGLIB$$84a56204] is not eligible for getting processed by all BeanPostProcessors (for example: not eligible for auto-proxying)
2017-09-04 10:30:43.421 [main] INFO  o.s.c.s.PostProcessorRegistrationDelegate$BeanPostProcessorChecker -Bean 'objectPostProcessor' of type [class org.springframework.security.config.annotation.configuration.AutowireBeanFactoryObjectPostProcessor] is not eligible for getting processed by all BeanPostProcessors (for example: not eligible for auto-proxying)
2017-09-04 10:30:43.425 [main] INFO  o.s.c.s.PostProcessorRegistrationDelegate$BeanPostProcessorChecker -Bean 'org.springframework.security.access.expression.method.DefaultMethodSecurityExpressionHandler@32edbb1a' of type [class org.springframework.security.access.expression.method.DefaultMethodSecurityExpressionHandler] is not eligible for getting processed by all BeanPostProcessors (for example: not eligible for auto-proxying)
2017-09-04 10:30:43.433 [main] INFO  o.s.c.s.PostProcessorRegistrationDelegate$BeanPostProcessorChecker -Bean 'org.springframework.security.config.annotation.method.configuration.GlobalMethodSecurityConfiguration' of type [class org.springframework.security.config.annotation.method.configuration.GlobalMethodSecurityConfiguration$$EnhancerBySpringCGLIB$$37839676] is not eligible for getting processed by all BeanPostProcessors (for example: not eligible for auto-proxying)
2017-09-04 10:30:43.449 [main] INFO  o.s.c.s.PostProcessorRegistrationDelegate$BeanPostProcessorChecker -Bean 'methodSecurityMetadataSource' of type [class org.springframework.security.access.method.DelegatingMethodSecurityMetadataSource] is not eligible for getting processed by all BeanPostProcessors (for example: not eligible for auto-proxying)
2017-09-04 10:30:43.454 [main] INFO  o.s.c.s.PostProcessorRegistrationDelegate$BeanPostProcessorChecker -Bean 'metaDataSourceAdvisor' of type [class org.springframework.security.access.intercept.aopalliance.MethodSecurityMetadataSourceAdvisor] is not eligible for getting processed by all BeanPostProcessors (for example: not eligible for auto-proxying)
2017-09-04 10:30:44.412 [main] WARN  o.s.b.c.e.AnnotationConfigEmbeddedWebApplicationContext -Exception encountered during context initialization - cancelling refresh attempt
org.springframework.context.ApplicationContextException: Unable to start embedded container; nested exception is org.springframework.beans.factory.BeanCreationException: Error creating bean with name 'servletContainer' defined in starter.StarterApplication: Bean instantiation via factory method failed; nested exception is org.springframework.beans.BeanInstantiationException: Failed to instantiate [org.springframework.boot.context.embedded.EmbeddedServletContainerFactory]: Factory method 'servletContainer' threw exception; nested exception is java.lang.IllegalStateException: cant access keystore: [keystore]  
	at org.springframework.boot.context.embedded.EmbeddedWebApplicationContext.onRefresh(EmbeddedWebApplicationContext.java:133) [spring-boot-1.2.5.RELEASE.jar:1.2.5.RELEASE]
	at org.springframework.context.support.AbstractApplicationContext.refresh(AbstractApplicationContext.java:474) ~[spring-context-4.1.7.RELEASE.jar:4.1.7.RELEASE]
	at org.springframework.boot.context.embedded.EmbeddedWebApplicationContext.refresh(EmbeddedWebApplicationContext.java:118) [spring-boot-1.2.5.RELEASE.jar:1.2.5.RELEASE]
	at org.springframework.boot.SpringApplication.refresh(SpringApplication.java:686) [spring-boot-1.2.5.RELEASE.jar:1.2.5.RELEASE]
	at org.springframework.boot.SpringApplication.run(SpringApplication.java:320) [spring-boot-1.2.5.RELEASE.jar:1.2.5.RELEASE]
	at org.springframework.boot.SpringApplication.run(SpringApplication.java:957) [spring-boot-1.2.5.RELEASE.jar:1.2.5.RELEASE]
	at org.springframework.boot.SpringApplication.run(SpringApplication.java:946) [spring-boot-1.2.5.RELEASE.jar:1.2.5.RELEASE]
	at starter.StarterApplication.main(StarterApplication.java:53) [classes/:na]
	at sun.reflect.NativeMethodAccessorImpl.invoke0(Native Method) ~[na:1.8.0]
	at sun.reflect.NativeMethodAccessorImpl.invoke(NativeMethodAccessorImpl.java:62) ~[na:1.8.0]
	at sun.reflect.DelegatingMethodAccessorImpl.invoke(DelegatingMethodAccessorImpl.java:43) ~[na:1.8.0]
	at java.lang.reflect.Method.invoke(Method.java:483) ~[na:1.8.0]
	at org.springframework.boot.maven.AbstractRunMojo$LaunchRunner.run(AbstractRunMojo.java:527) [spring-boot-maven-plugin-1.5.6.RELEASE.jar:1.5.6.RELEASE]
	at java.lang.Thread.run(Thread.java:744) [na:1.8.0]
Caused by: org.springframework.beans.factory.BeanCreationException: Error creating bean with name 'servletContainer' defined in starter.StarterApplication: Bean instantiation via factory method failed; nested exception is org.springframework.beans.BeanInstantiationException: Failed to instantiate [org.springframework.boot.context.embedded.EmbeddedServletContainerFactory]: Factory method 'servletContainer' threw exception; nested exception is java.lang.IllegalStateException: cant access keystore: [keystore]  
	at org.springframework.beans.factory.support.ConstructorResolver.instantiateUsingFactoryMethod(ConstructorResolver.java:599) ~[spring-beans-4.1.7.RELEASE.jar:4.1.7.RELEASE]
	at org.springframework.beans.factory.support.AbstractAutowireCapableBeanFactory.instantiateUsingFactoryMethod(AbstractAutowireCapableBeanFactory.java:1119) ~[spring-beans-4.1.7.RELEASE.jar:4.1.7.RELEASE]
	at org.springframework.beans.factory.support.AbstractAutowireCapableBeanFactory.createBeanInstance(AbstractAutowireCapableBeanFactory.java:1014) ~[spring-beans-4.1.7.RELEASE.jar:4.1.7.RELEASE]
	at org.springframework.beans.factory.support.AbstractAutowireCapableBeanFactory.doCreateBean(AbstractAutowireCapableBeanFactory.java:504) ~[spring-beans-4.1.7.RELEASE.jar:4.1.7.RELEASE]
	at org.springframework.beans.factory.support.AbstractAutowireCapableBeanFactory.createBean(AbstractAutowireCapableBeanFactory.java:476) ~[spring-beans-4.1.7.RELEASE.jar:4.1.7.RELEASE]
	at org.springframework.beans.factory.support.AbstractBeanFactory$1.getObject(AbstractBeanFactory.java:303) ~[spring-beans-4.1.7.RELEASE.jar:4.1.7.RELEASE]
	at org.springframework.beans.factory.support.DefaultSingletonBeanRegistry.getSingleton(DefaultSingletonBeanRegistry.java:230) ~[spring-beans-4.1.7.RELEASE.jar:4.1.7.RELEASE]
	at org.springframework.beans.factory.support.AbstractBeanFactory.doGetBean(AbstractBeanFactory.java:299) ~[spring-beans-4.1.7.RELEASE.jar:4.1.7.RELEASE]
	at org.springframework.beans.factory.support.AbstractBeanFactory.getBean(AbstractBeanFactory.java:199) ~[spring-beans-4.1.7.RELEASE.jar:4.1.7.RELEASE]
	at org.springframework.boot.context.embedded.EmbeddedWebApplicationContext.getEmbeddedServletContainerFactory(EmbeddedWebApplicationContext.java:193) [spring-boot-1.2.5.RELEASE.jar:1.2.5.RELEASE]
	at org.springframework.boot.context.embedded.EmbeddedWebApplicationContext.createEmbeddedServletContainer(EmbeddedWebApplicationContext.java:156) [spring-boot-1.2.5.RELEASE.jar:1.2.5.RELEASE]
	at org.springframework.boot.context.embedded.EmbeddedWebApplicationContext.onRefresh(EmbeddedWebApplicationContext.java:130) [spring-boot-1.2.5.RELEASE.jar:1.2.5.RELEASE]
	... 13 common frames omitted
Caused by: org.springframework.beans.BeanInstantiationException: Failed to instantiate [org.springframework.boot.context.embedded.EmbeddedServletContainerFactory]: Factory method 'servletContainer' threw exception; nested exception is java.lang.IllegalStateException: cant access keystore: [keystore]  
	at org.springframework.beans.factory.support.SimpleInstantiationStrategy.instantiate(SimpleInstantiationStrategy.java:189) ~[spring-beans-4.1.7.RELEASE.jar:4.1.7.RELEASE]
	at org.springframework.beans.factory.support.ConstructorResolver.instantiateUsingFactoryMethod(ConstructorResolver.java:588) ~[spring-beans-4.1.7.RELEASE.jar:4.1.7.RELEASE]
	... 24 common frames omitted
Caused by: java.lang.IllegalStateException: cant access keystore: [keystore]  
	at starter.StarterApplication.createSslConnector(StarterApplication.java:162) [classes/:na]
	at starter.StarterApplication.servletContainer(StarterApplication.java:104) [classes/:na]
	at starter.StarterApplication$$EnhancerBySpringCGLIB$$ac0018ef.CGLIB$servletContainer$2(<generated>) ~[spring-core-4.1.7.RELEASE.jar:na]
	at starter.StarterApplication$$EnhancerBySpringCGLIB$$ac0018ef$$FastClassBySpringCGLIB$$d78ab0c3.invoke(<generated>) ~[spring-core-4.1.7.RELEASE.jar:na]
	at org.springframework.cglib.proxy.MethodProxy.invokeSuper(MethodProxy.java:228) ~[spring-core-4.1.7.RELEASE.jar:4.1.7.RELEASE]
	at org.springframework.context.annotation.ConfigurationClassEnhancer$BeanMethodInterceptor.intercept(ConfigurationClassEnhancer.java:309) ~[spring-context-4.1.7.RELEASE.jar:4.1.7.RELEASE]
	at starter.StarterApplication$$EnhancerBySpringCGLIB$$ac0018ef.servletContainer(<generated>) ~[spring-core-4.1.7.RELEASE.jar:na]
	at sun.reflect.NativeMethodAccessorImpl.invoke0(Native Method) ~[na:1.8.0]
	at sun.reflect.NativeMethodAccessorImpl.invoke(NativeMethodAccessorImpl.java:62) ~[na:1.8.0]
	at sun.reflect.DelegatingMethodAccessorImpl.invoke(DelegatingMethodAccessorImpl.java:43) ~[na:1.8.0]
	at java.lang.reflect.Method.invoke(Method.java:483) ~[na:1.8.0]
	at org.springframework.beans.factory.support.SimpleInstantiationStrategy.instantiate(SimpleInstantiationStrategy.java:162) ~[spring-beans-4.1.7.RELEASE.jar:4.1.7.RELEASE]
	... 25 common frames omitted
Caused by: java.lang.NullPointerException: null
	at java.io.File.<init>(File.java:277) ~[na:1.8.0]
	at starter.StarterApplication.createSslConnector(StarterApplication.java:144) [classes/:na]
	... 36 common frames omitted
2017-09-04 10:30:44.416 [main] INFO  o.s.b.l.ClasspathLoggingApplicationListener -Application failed to start with classpath: [file:/D:/github_ucontent/UCPCloud/UCPCloud/starter/target/classes/, file:/D:/maven/reps/com/itextpdf/itextpdf/5.5.7/itextpdf-5.5.7.jar, file:/D:/maven/reps/org/springframework/boot/spring-boot-starter-security/1.2.5.RELEASE/spring-boot-starter-security-1.2.5.RELEASE.jar, file:/D:/maven/reps/org/springframework/boot/spring-boot-starter/1.2.5.RELEASE/spring-boot-starter-1.2.5.RELEASE.jar, file:/D:/maven/reps/org/springframework/boot/spring-boot/1.2.5.RELEASE/spring-boot-1.2.5.RELEASE.jar, file:/D:/maven/reps/org/springframework/boot/spring-boot-autoconfigure/1.2.5.RELEASE/spring-boot-autoconfigure-1.2.5.RELEASE.jar, file:/D:/maven/reps/org/springframework/boot/spring-boot-starter-logging/1.2.5.RELEASE/spring-boot-starter-logging-1.2.5.RELEASE.jar, file:/D:/maven/reps/org/slf4j/jcl-over-slf4j/1.7.12/jcl-over-slf4j-1.7.12.jar, file:/D:/maven/reps/org/slf4j/jul-to-slf4j/1.7.12/jul-to-slf4j-1.7.12.jar, file:/D:/maven/reps/org/slf4j/log4j-over-slf4j/1.7.12/log4j-over-slf4j-1.7.12.jar, file:/D:/maven/reps/ch/qos/logback/logback-classic/1.1.3/logback-classic-1.1.3.jar, file:/D:/maven/reps/ch/qos/logback/logback-core/1.1.3/logback-core-1.1.3.jar, file:/D:/maven/reps/org/yaml/snakeyaml/1.14/snakeyaml-1.14.jar, file:/D:/maven/reps/org/springframework/spring-beans/4.1.7.RELEASE/spring-beans-4.1.7.RELEASE.jar, file:/D:/maven/reps/org/springframework/spring-context/4.1.7.RELEASE/spring-context-4.1.7.RELEASE.jar, file:/D:/maven/reps/org/springframework/spring-core/4.1.7.RELEASE/spring-core-4.1.7.RELEASE.jar, file:/D:/maven/reps/org/springframework/spring-expression/4.1.7.RELEASE/spring-expression-4.1.7.RELEASE.jar, file:/D:/maven/reps/org/springframework/spring-web/4.1.7.RELEASE/spring-web-4.1.7.RELEASE.jar, file:/D:/maven/reps/org/springframework/security/spring-security-config/3.2.7.RELEASE/spring-security-config-3.2.7.RELEASE.jar, file:/D:/maven/reps/aopalliance/aopalliance/1.0/aopalliance-1.0.jar, file:/D:/maven/reps/org/springframework/security/spring-security-core/3.2.7.RELEASE/spring-security-core-3.2.7.RELEASE.jar, file:/D:/maven/reps/org/springframework/security/spring-security-web/3.2.7.RELEASE/spring-security-web-3.2.7.RELEASE.jar, file:/D:/maven/reps/org/springframework/spring-aop/4.1.7.RELEASE/spring-aop-4.1.7.RELEASE.jar, file:/D:/maven/reps/org/springframework/boot/spring-boot-starter-web/1.2.5.RELEASE/spring-boot-starter-web-1.2.5.RELEASE.jar, file:/D:/maven/reps/org/springframework/boot/spring-boot-starter-tomcat/1.2.5.RELEASE/spring-boot-starter-tomcat-1.2.5.RELEASE.jar, file:/D:/maven/reps/org/apache/tomcat/embed/tomcat-embed-core/8.0.23/tomcat-embed-core-8.0.23.jar, file:/D:/maven/reps/org/apache/tomcat/embed/tomcat-embed-el/8.0.23/tomcat-embed-el-8.0.23.jar, file:/D:/maven/reps/org/apache/tomcat/embed/tomcat-embed-logging-juli/8.0.23/tomcat-embed-logging-juli-8.0.23.jar, file:/D:/maven/reps/org/apache/tomcat/embed/tomcat-embed-websocket/8.0.23/tomcat-embed-websocket-8.0.23.jar, file:/D:/maven/reps/com/fasterxml/jackson/core/jackson-databind/2.4.2/jackson-databind-2.4.2.jar, file:/D:/maven/reps/com/fasterxml/jackson/core/jackson-annotations/2.4.0/jackson-annotations-2.4.0.jar, file:/D:/maven/reps/org/hibernate/hibernate-validator/5.1.3.Final/hibernate-validator-5.1.3.Final.jar, file:/D:/maven/reps/javax/validation/validation-api/1.1.0.Final/validation-api-1.1.0.Final.jar, file:/D:/maven/reps/org/jboss/logging/jboss-logging/3.1.3.GA/jboss-logging-3.1.3.GA.jar, file:/D:/maven/reps/com/fasterxml/classmate/1.0.0/classmate-1.0.0.jar, file:/D:/maven/reps/org/springframework/spring-webmvc/4.1.7.RELEASE/spring-webmvc-4.1.7.RELEASE.jar, file:/D:/maven/reps/commons-io/commons-io/2.4/commons-io-2.4.jar, file:/D:/maven/reps/org/elasticsearch/elasticsearch/2.0.0/elasticsearch-2.0.0.jar, file:/D:/maven/reps/org/apache/lucene/lucene-core/5.2.1/lucene-core-5.2.1.jar, file:/D:/maven/reps/org/apache/lucene/lucene-backward-codecs/5.2.1/lucene-backward-codecs-5.2.1.jar, file:/D:/maven/reps/org/apache/lucene/lucene-analyzers-common/5.2.1/lucene-analyzers-common-5.2.1.jar, file:/D:/maven/reps/org/apache/lucene/lucene-queries/5.2.1/lucene-queries-5.2.1.jar, file:/D:/maven/reps/org/apache/lucene/lucene-memory/5.2.1/lucene-memory-5.2.1.jar, file:/D:/maven/reps/org/apache/lucene/lucene-highlighter/5.2.1/lucene-highlighter-5.2.1.jar, file:/D:/maven/reps/org/apache/lucene/lucene-queryparser/5.2.1/lucene-queryparser-5.2.1.jar, file:/D:/maven/reps/org/apache/lucene/lucene-sandbox/5.2.1/lucene-sandbox-5.2.1.jar, file:/D:/maven/reps/org/apache/lucene/lucene-suggest/5.2.1/lucene-suggest-5.2.1.jar, file:/D:/maven/reps/org/apache/lucene/lucene-misc/5.2.1/lucene-misc-5.2.1.jar, file:/D:/maven/reps/org/apache/lucene/lucene-join/5.2.1/lucene-join-5.2.1.jar, file:/D:/maven/reps/org/apache/lucene/lucene-grouping/5.2.1/lucene-grouping-5.2.1.jar, file:/D:/maven/reps/org/apache/lucene/lucene-spatial/5.2.1/lucene-spatial-5.2.1.jar, file:/D:/maven/reps/com/spatial4j/spatial4j/0.4.1/spatial4j-0.4.1.jar, file:/D:/maven/reps/com/google/guava/guava/18.0/guava-18.0.jar, file:/D:/maven/reps/com/carrotsearch/hppc/0.7.1/hppc-0.7.1.jar, file:/D:/maven/reps/joda-time/joda-time/2.8.2/joda-time-2.8.2.jar, file:/D:/maven/reps/org/joda/joda-convert/1.2/joda-convert-1.2.jar, file:/D:/maven/reps/com/fasterxml/jackson/core/jackson-core/2.5.3/jackson-core-2.5.3.jar, file:/D:/maven/reps/com/fasterxml/jackson/dataformat/jackson-dataformat-smile/2.5.3/jackson-dataformat-smile-2.5.3.jar, file:/D:/maven/reps/com/fasterxml/jackson/dataformat/jackson-dataformat-yaml/2.5.3/jackson-dataformat-yaml-2.5.3.jar, file:/D:/maven/reps/com/fasterxml/jackson/dataformat/jackson-dataformat-cbor/2.5.3/jackson-dataformat-cbor-2.5.3.jar, file:/D:/maven/reps/io/netty/netty/3.10.5.Final/netty-3.10.5.Final.jar, file:/D:/maven/reps/com/ning/compress-lzf/1.0.2/compress-lzf-1.0.2.jar, file:/D:/maven/reps/com/tdunning/t-digest/3.0/t-digest-3.0.jar, file:/D:/maven/reps/org/hdrhistogram/HdrHistogram/2.1.6/HdrHistogram-2.1.6.jar, file:/D:/maven/reps/commons-cli/commons-cli/1.3.1/commons-cli-1.3.1.jar, file:/D:/maven/reps/com/twitter/jsr166e/1.1.0/jsr166e-1.1.0.jar, file:/D:/maven/reps/com/github/jai-imageio/jai-imageio-core/1.3.0/jai-imageio-core-1.3.0.jar, file:/D:/maven/reps/org/aspectj/aspectjrt/1.8.4/aspectjrt-1.8.4.jar, file:/D:/maven/reps/org/aspectj/aspectjweaver/1.8.4/aspectjweaver-1.8.4.jar, file:/D:/maven/reps/org/apache/tika/tika-parsers/1.10/tika-parsers-1.10.jar, file:/D:/maven/reps/org/apache/tika/tika-core/1.10/tika-core-1.10.jar, file:/D:/maven/reps/org/gagravarr/vorbis-java-tika/0.6/vorbis-java-tika-0.6.jar, file:/D:/maven/reps/com/healthmarketscience/jackcess/jackcess/2.1.2/jackcess-2.1.2.jar, file:/D:/maven/reps/commons-lang/commons-lang/2.6/commons-lang-2.6.jar, file:/D:/maven/reps/commons-logging/commons-logging/1.1.3/commons-logging-1.1.3.jar, file:/D:/maven/reps/com/healthmarketscience/jackcess/jackcess-encrypt/2.1.0/jackcess-encrypt-2.1.0.jar, file:/D:/maven/reps/net/sourceforge/jmatio/jmatio/1.0/jmatio-1.0.jar, file:/D:/maven/reps/org/apache/james/apache-mime4j-core/0.7.2/apache-mime4j-core-0.7.2.jar, file:/D:/maven/reps/org/apache/james/apache-mime4j-dom/0.7.2/apache-mime4j-dom-0.7.2.jar, file:/D:/maven/reps/org/apache/commons/commons-compress/1.9/commons-compress-1.9.jar, file:/D:/maven/reps/org/tukaani/xz/1.5/xz-1.5.jar, file:/D:/maven/reps/commons-codec/commons-codec/1.10/commons-codec-1.10.jar, file:/D:/maven/reps/org/apache/pdfbox/pdfbox/1.8.10/pdfbox-1.8.10.jar, file:/D:/maven/reps/org/apache/pdfbox/fontbox/1.8.10/fontbox-1.8.10.jar, file:/D:/maven/reps/org/apache/pdfbox/jempbox/1.8.10/jempbox-1.8.10.jar, file:/D:/maven/reps/org/bouncycastle/bcmail-jdk15on/1.52/bcmail-jdk15on-1.52.jar, file:/D:/maven/reps/org/bouncycastle/bcpkix-jdk15on/1.52/bcpkix-jdk15on-1.52.jar, file:/D:/maven/reps/org/bouncycastle/bcprov-jdk15on/1.52/bcprov-jdk15on-1.52.jar, file:/D:/maven/reps/org/apache/poi/poi/3.13-beta1/poi-3.13-beta1.jar, file:/D:/maven/reps/org/apache/poi/poi-scratchpad/3.13-beta1/poi-scratchpad-3.13-beta1.jar, file:/D:/maven/reps/org/apache/poi/poi-ooxml/3.13-beta1/poi-ooxml-3.13-beta1.jar, file:/D:/maven/reps/org/apache/poi/poi-ooxml-schemas/3.13-beta1/poi-ooxml-schemas-3.13-beta1.jar, file:/D:/maven/reps/org/apache/xmlbeans/xmlbeans/2.6.0/xmlbeans-2.6.0.jar, file:/D:/maven/reps/org/ccil/cowan/tagsoup/tagsoup/1.2.1/tagsoup-1.2.1.jar, file:/D:/maven/reps/org/ow2/asm/asm-debug-all/4.1/asm-debug-all-4.1.jar, file:/D:/maven/reps/com/googlecode/mp4parser/isoparser/1.0.2/isoparser-1.0.2.jar, file:/D:/maven/reps/com/drewnoakes/metadata-extractor/2.8.0/metadata-extractor-2.8.0.jar, file:/D:/maven/reps/com/adobe/xmp/xmpcore/5.1.2/xmpcore-5.1.2.jar, file:/D:/maven/reps/de/l3s/boilerpipe/boilerpipe/1.1.0/boilerpipe-1.1.0.jar, file:/D:/maven/reps/rome/rome/1.0/rome-1.0.jar, file:/D:/maven/reps/org/gagravarr/vorbis-java-core/0.6/vorbis-java-core-0.6.jar, file:/D:/maven/reps/com/googlecode/juniversalchardet/juniversalchardet/1.0.3/juniversalchardet-1.0.3.jar, file:/D:/maven/reps/org/codelibs/jhighlight/1.0.2/jhighlight-1.0.2.jar, file:/D:/maven/reps/com/pff/java-libpst/0.8.1/java-libpst-0.8.1.jar, file:/D:/maven/reps/com/github/junrar/junrar/0.7/junrar-0.7.jar, file:/D:/maven/reps/commons-logging/commons-logging-api/1.1/commons-logging-api-1.1.jar, file:/D:/maven/reps/org/apache/commons/commons-vfs2/2.0/commons-vfs2-2.0.jar, file:/D:/maven/reps/org/apache/maven/scm/maven-scm-api/1.4/maven-scm-api-1.4.jar, file:/D:/maven/reps/org/codehaus/plexus/plexus-utils/1.5.6/plexus-utils-1.5.6.jar, file:/D:/maven/reps/org/apache/maven/scm/maven-scm-provider-svnexe/1.4/maven-scm-provider-svnexe-1.4.jar, file:/D:/maven/reps/org/apache/maven/scm/maven-scm-provider-svn-commons/1.4/maven-scm-provider-svn-commons-1.4.jar, file:/D:/maven/reps/regexp/regexp/1.3/regexp-1.3.jar, file:/D:/maven/reps/org/apache/opennlp/opennlp-tools/1.5.3/opennlp-tools-1.5.3.jar, file:/D:/maven/reps/org/apache/opennlp/opennlp-maxent/3.0.3/opennlp-maxent-3.0.3.jar, file:/D:/maven/reps/net/sf/jwordnet/jwnl/1.3.3/jwnl-1.3.3.jar, file:/D:/maven/reps/org/apache/commons/commons-exec/1.3/commons-exec-1.3.jar, file:/D:/maven/reps/com/googlecode/json-simple/json-simple/1.1.1/json-simple-1.1.1.jar, file:/D:/maven/reps/edu/ucar/netcdf4/4.5.5/netcdf4-4.5.5.jar, file:/D:/maven/reps/net/jcip/jcip-annotations/1.0/jcip-annotations-1.0.jar, file:/D:/maven/reps/net/java/dev/jna/jna/4.1.0/jna-4.1.0.jar, file:/D:/maven/reps/org/slf4j/slf4j-api/1.7.7/slf4j-api-1.7.7.jar, file:/D:/maven/reps/edu/ucar/grib/4.5.5/grib-4.5.5.jar, file:/D:/maven/reps/com/google/protobuf/protobuf-java/2.5.0/protobuf-java-2.5.0.jar, file:/D:/maven/reps/org/jdom/jdom2/2.0.4/jdom2-2.0.4.jar, file:/D:/maven/reps/org/jsoup/jsoup/1.7.2/jsoup-1.7.2.jar, file:/D:/maven/reps/edu/ucar/jj2000/5.2/jj2000-5.2.jar, file:/D:/maven/reps/org/itadaki/bzip2/0.9.1/bzip2-0.9.1.jar, file:/D:/maven/reps/edu/ucar/cdm/4.5.5/cdm-4.5.5.jar, file:/D:/maven/reps/edu/ucar/udunits/4.5.5/udunits-4.5.5.jar, file:/D:/maven/reps/org/apache/httpcomponents/httpcore/4.2.5/httpcore-4.2.5.jar, file:/D:/maven/reps/org/quartz-scheduler/quartz/2.2.0/quartz-2.2.0.jar, file:/D:/maven/reps/c3p0/c3p0/0.9.1.1/c3p0-0.9.1.1.jar, file:/D:/maven/reps/net/sf/ehcache/ehcache-core/2.6.2/ehcache-core-2.6.2.jar, file:/D:/maven/reps/com/beust/jcommander/1.35/jcommander-1.35.jar, file:/D:/maven/reps/edu/ucar/httpservices/4.5.5/httpservices-4.5.5.jar, file:/D:/maven/reps/org/apache/httpcomponents/httpclient/4.2.6/httpclient-4.2.6.jar, file:/D:/maven/reps/org/apache/httpcomponents/httpmime/4.2.6/httpmime-4.2.6.jar, file:/D:/maven/reps/org/apache/commons/commons-csv/1.0/commons-csv-1.0.jar, file:/D:/maven/reps/org/apache/sis/core/sis-utility/0.5/sis-utility-0.5.jar, file:/D:/maven/reps/org/apache/sis/storage/sis-netcdf/0.5/sis-netcdf-0.5.jar, file:/D:/maven/reps/org/apache/sis/storage/sis-storage/0.5/sis-storage-0.5.jar, file:/D:/maven/reps/org/apache/sis/core/sis-referencing/0.5/sis-referencing-0.5.jar, file:/D:/maven/reps/org/apache/sis/core/sis-metadata/0.5/sis-metadata-0.5.jar, file:/D:/maven/reps/org/opengis/geoapi/3.0.0/geoapi-3.0.0.jar, file:/D:/maven/reps/javax/measure/jsr-275/0.9.3/jsr-275-0.9.3.jar, file:/D:/maven/reps/commons-fileupload/commons-fileupload/1.3.1/commons-fileupload-1.3.1.jar, file:/D:/maven/reps/jdom/jdom/1.0/jdom-1.0.jar, file:/D:/maven/reps/org/json/json/20140107/json-20140107.jar, file:/D:/maven/reps/oro/oro/2.0.8/oro-2.0.8.jar, file:/D:/maven/reps/commons-net/commons-net/3.1/commons-net-3.1.jar, file:/D:/maven/reps/org/springframework/cloud/spring-cloud-dependencies/Camden.SR4/spring-cloud-dependencies-Camden.SR4.pom]
2017-09-04 10:30:44.417 [main] ERROR o.s.boot.SpringApplication -Application startup failed
org.springframework.context.ApplicationContextException: Unable to start embedded container; nested exception is org.springframework.beans.factory.BeanCreationException: Error creating bean with name 'servletContainer' defined in starter.StarterApplication: Bean instantiation via factory method failed; nested exception is org.springframework.beans.BeanInstantiationException: Failed to instantiate [org.springframework.boot.context.embedded.EmbeddedServletContainerFactory]: Factory method 'servletContainer' threw exception; nested exception is java.lang.IllegalStateException: cant access keystore: [keystore]  
	at org.springframework.boot.context.embedded.EmbeddedWebApplicationContext.onRefresh(EmbeddedWebApplicationContext.java:133) ~[spring-boot-1.2.5.RELEASE.jar:1.2.5.RELEASE]
	at org.springframework.context.support.AbstractApplicationContext.refresh(AbstractApplicationContext.java:474) ~[spring-context-4.1.7.RELEASE.jar:4.1.7.RELEASE]
	at org.springframework.boot.context.embedded.EmbeddedWebApplicationContext.refresh(EmbeddedWebApplicationContext.java:118) ~[spring-boot-1.2.5.RELEASE.jar:1.2.5.RELEASE]
	at org.springframework.boot.SpringApplication.refresh(SpringApplication.java:686) [spring-boot-1.2.5.RELEASE.jar:1.2.5.RELEASE]
	at org.springframework.boot.SpringApplication.run(SpringApplication.java:320) [spring-boot-1.2.5.RELEASE.jar:1.2.5.RELEASE]
	at org.springframework.boot.SpringApplication.run(SpringApplication.java:957) [spring-boot-1.2.5.RELEASE.jar:1.2.5.RELEASE]
	at org.springframework.boot.SpringApplication.run(SpringApplication.java:946) [spring-boot-1.2.5.RELEASE.jar:1.2.5.RELEASE]
	at starter.StarterApplication.main(StarterApplication.java:53) [classes/:na]
	at sun.reflect.NativeMethodAccessorImpl.invoke0(Native Method) ~[na:1.8.0]
	at sun.reflect.NativeMethodAccessorImpl.invoke(NativeMethodAccessorImpl.java:62) ~[na:1.8.0]
	at sun.reflect.DelegatingMethodAccessorImpl.invoke(DelegatingMethodAccessorImpl.java:43) ~[na:1.8.0]
	at java.lang.reflect.Method.invoke(Method.java:483) ~[na:1.8.0]
	at org.springframework.boot.maven.AbstractRunMojo$LaunchRunner.run(AbstractRunMojo.java:527) [spring-boot-maven-plugin-1.5.6.RELEASE.jar:1.5.6.RELEASE]
	at java.lang.Thread.run(Thread.java:744) [na:1.8.0]
Caused by: org.springframework.beans.factory.BeanCreationException: Error creating bean with name 'servletContainer' defined in starter.StarterApplication: Bean instantiation via factory method failed; nested exception is org.springframework.beans.BeanInstantiationException: Failed to instantiate [org.springframework.boot.context.embedded.EmbeddedServletContainerFactory]: Factory method 'servletContainer' threw exception; nested exception is java.lang.IllegalStateException: cant access keystore: [keystore]  
	at org.springframework.beans.factory.support.ConstructorResolver.instantiateUsingFactoryMethod(ConstructorResolver.java:599) ~[spring-beans-4.1.7.RELEASE.jar:4.1.7.RELEASE]
	at org.springframework.beans.factory.support.AbstractAutowireCapableBeanFactory.instantiateUsingFactoryMethod(AbstractAutowireCapableBeanFactory.java:1119) ~[spring-beans-4.1.7.RELEASE.jar:4.1.7.RELEASE]
	at org.springframework.beans.factory.support.AbstractAutowireCapableBeanFactory.createBeanInstance(AbstractAutowireCapableBeanFactory.java:1014) ~[spring-beans-4.1.7.RELEASE.jar:4.1.7.RELEASE]
	at org.springframework.beans.factory.support.AbstractAutowireCapableBeanFactory.doCreateBean(AbstractAutowireCapableBeanFactory.java:504) ~[spring-beans-4.1.7.RELEASE.jar:4.1.7.RELEASE]
	at org.springframework.beans.factory.support.AbstractAutowireCapableBeanFactory.createBean(AbstractAutowireCapableBeanFactory.java:476) ~[spring-beans-4.1.7.RELEASE.jar:4.1.7.RELEASE]
	at org.springframework.beans.factory.support.AbstractBeanFactory$1.getObject(AbstractBeanFactory.java:303) ~[spring-beans-4.1.7.RELEASE.jar:4.1.7.RELEASE]
	at org.springframework.beans.factory.support.DefaultSingletonBeanRegistry.getSingleton(DefaultSingletonBeanRegistry.java:230) ~[spring-beans-4.1.7.RELEASE.jar:4.1.7.RELEASE]
	at org.springframework.beans.factory.support.AbstractBeanFactory.doGetBean(AbstractBeanFactory.java:299) ~[spring-beans-4.1.7.RELEASE.jar:4.1.7.RELEASE]
	at org.springframework.beans.factory.support.AbstractBeanFactory.getBean(AbstractBeanFactory.java:199) ~[spring-beans-4.1.7.RELEASE.jar:4.1.7.RELEASE]
	at org.springframework.boot.context.embedded.EmbeddedWebApplicationContext.getEmbeddedServletContainerFactory(EmbeddedWebApplicationContext.java:193) ~[spring-boot-1.2.5.RELEASE.jar:1.2.5.RELEASE]
	at org.springframework.boot.context.embedded.EmbeddedWebApplicationContext.createEmbeddedServletContainer(EmbeddedWebApplicationContext.java:156) ~[spring-boot-1.2.5.RELEASE.jar:1.2.5.RELEASE]
	at org.springframework.boot.context.embedded.EmbeddedWebApplicationContext.onRefresh(EmbeddedWebApplicationContext.java:130) ~[spring-boot-1.2.5.RELEASE.jar:1.2.5.RELEASE]
	... 13 common frames omitted
Caused by: org.springframework.beans.BeanInstantiationException: Failed to instantiate [org.springframework.boot.context.embedded.EmbeddedServletContainerFactory]: Factory method 'servletContainer' threw exception; nested exception is java.lang.IllegalStateException: cant access keystore: [keystore]  
	at org.springframework.beans.factory.support.SimpleInstantiationStrategy.instantiate(SimpleInstantiationStrategy.java:189) ~[spring-beans-4.1.7.RELEASE.jar:4.1.7.RELEASE]
	at org.springframework.beans.factory.support.ConstructorResolver.instantiateUsingFactoryMethod(ConstructorResolver.java:588) ~[spring-beans-4.1.7.RELEASE.jar:4.1.7.RELEASE]
	... 24 common frames omitted
Caused by: java.lang.IllegalStateException: cant access keystore: [keystore]  
	at starter.StarterApplication.createSslConnector(StarterApplication.java:162) [classes/:na]
	at starter.StarterApplication.servletContainer(StarterApplication.java:104) [classes/:na]
	at starter.StarterApplication$$EnhancerBySpringCGLIB$$ac0018ef.CGLIB$servletContainer$2(<generated>) ~[spring-core-4.1.7.RELEASE.jar:na]
	at starter.StarterApplication$$EnhancerBySpringCGLIB$$ac0018ef$$FastClassBySpringCGLIB$$d78ab0c3.invoke(<generated>) ~[spring-core-4.1.7.RELEASE.jar:na]
	at org.springframework.cglib.proxy.MethodProxy.invokeSuper(MethodProxy.java:228) ~[spring-core-4.1.7.RELEASE.jar:4.1.7.RELEASE]
	at org.springframework.context.annotation.ConfigurationClassEnhancer$BeanMethodInterceptor.intercept(ConfigurationClassEnhancer.java:309) ~[spring-context-4.1.7.RELEASE.jar:4.1.7.RELEASE]
	at starter.StarterApplication$$EnhancerBySpringCGLIB$$ac0018ef.servletContainer(<generated>) ~[spring-core-4.1.7.RELEASE.jar:na]
	at sun.reflect.NativeMethodAccessorImpl.invoke0(Native Method) ~[na:1.8.0]
	at sun.reflect.NativeMethodAccessorImpl.invoke(NativeMethodAccessorImpl.java:62) ~[na:1.8.0]
	at sun.reflect.DelegatingMethodAccessorImpl.invoke(DelegatingMethodAccessorImpl.java:43) ~[na:1.8.0]
	at java.lang.reflect.Method.invoke(Method.java:483) ~[na:1.8.0]
	at org.springframework.beans.factory.support.SimpleInstantiationStrategy.instantiate(SimpleInstantiationStrategy.java:162) ~[spring-beans-4.1.7.RELEASE.jar:4.1.7.RELEASE]
	... 25 common frames omitted
Caused by: java.lang.NullPointerException: null
	at java.io.File.<init>(File.java:277) ~[na:1.8.0]
	at starter.StarterApplication.createSslConnector(StarterApplication.java:144) [classes/:na]
	... 36 common frames omitted
